<?xml version="1.0" encoding="UTF-8"?>
<coverage generated="1694253974201" clover="3.2.0">
  <project timestamp="1694253974201" name="All files">
    <metrics statements="16" coveredstatements="15" conditionals="0" coveredconditionals="0" methods="5" coveredmethods="4" elements="21" coveredelements="19" complexity="0" loc="16" ncloc="16" packages="1" files="4" classes="4"/>
    <file name="fileContent.js" path="C:\Users\Anand Suthar\Documents\code\MERN\Node\jest-unit-testing\fileContent.js">
      <metrics statements="8" coveredstatements="8" conditionals="0" coveredconditionals="0" methods="1" coveredmethods="1"/>
      <line num="1" count="1" type="stmt"/>
      <line num="4" count="4" type="stmt"/>
      <line num="5" count="4" type="stmt"/>
      <line num="6" count="3" type="stmt"/>
      <line num="8" count="1" type="stmt"/>
      <line num="12" count="1" type="stmt"/>
      <line num="13" count="1" type="stmt"/>
      <line num="15" count="1" type="stmt"/>
    </file>
    <file name="revStr.js" path="C:\Users\Anand Suthar\Documents\code\MERN\Node\jest-unit-testing\revStr.js">
      <metrics statements="2" coveredstatements="2" conditionals="0" coveredconditionals="0" methods="1" coveredmethods="1"/>
      <line num="2" count="3" type="stmt"/>
      <line num="5" count="2" type="stmt"/>
    </file>
    <file name="stringPalindrome.js" path="C:\Users\Anand Suthar\Documents\code\MERN\Node\jest-unit-testing\stringPalindrome.js">
      <metrics statements="4" coveredstatements="3" conditionals="0" coveredconditionals="0" methods="2" coveredmethods="1"/>
      <line num="1" count="1" type="stmt"/>
      <line num="4" count="2" type="stmt"/>
      <line num="8" count="0" type="stmt"/>
      <line num="11" count="1" type="stmt"/>
    </file>
    <file name="sum.js" path="C:\Users\Anand Suthar\Documents\code\MERN\Node\jest-unit-testing\sum.js">
      <metrics statements="2" coveredstatements="2" conditionals="0" coveredconditionals="0" methods="1" coveredmethods="1"/>
      <line num="2" count="1" type="stmt"/>
      <line num="5" count="1" type="stmt"/>
    </file>
  </project>
</coverage>
