{"C:\\Users\\Anand Suthar\\Documents\\code\\MERN\\Node\\jest-unit-testing\\fileContent.js": {"path":"C:\\Users\\Anand Suthar\\Documents\\code\\MERN\\Node\\jest-unit-testing\\fileContent.js","statementMap":{"0":{"start":{"line":1,"column":11},"end":{"line":1,"column":24}},"1":{"start":{"line":4,"column":2},"end":{"line":9,"column":3}},"2":{"start":{"line":5,"column":21},"end":{"line":5,"column":54}},"3":{"start":{"line":6,"column":4},"end":{"line":6,"column":20}},"4":{"start":{"line":8,"column":4},"end":{"line":8,"column":16}},"5":{"start":{"line":12,"column":0},"end":{"line":12,"column":47}},"6":{"start":{"line":13,"column":0},"end":{"line":13,"column":44}},"7":{"start":{"line":15,"column":0},"end":{"line":15,"column":33}}},"fnMap":{"0":{"name":"readFileContent","decl":{"start":{"line":3,"column":9},"end":{"line":3,"column":24}},"loc":{"start":{"line":3,"column":35},"end":{"line":10,"column":1}},"line":3}},"branchMap":{},"s":{"0":1,"1":4,"2":4,"3":3,"4":1,"5":1,"6":1,"7":1},"f":{"0":4},"b":{},"_coverageSchema":"1a1c01bbd47fc00a2c39e90264f33305004495a9","hash":"857315186b914cbe009444e4f1949740b9821df5"}
,"C:\\Users\\Anand Suthar\\Documents\\code\\MERN\\Node\\jest-unit-testing\\revStr.js": {"path":"C:\\Users\\Anand Suthar\\Documents\\code\\MERN\\Node\\jest-unit-testing\\revStr.js","statementMap":{"0":{"start":{"line":2,"column":2},"end":{"line":2,"column":42}},"1":{"start":{"line":5,"column":0},"end":{"line":5,"column":24}}},"fnMap":{"0":{"name":"revStr","decl":{"start":{"line":1,"column":9},"end":{"line":1,"column":15}},"loc":{"start":{"line":1,"column":21},"end":{"line":3,"column":1}},"line":1}},"branchMap":{},"s":{"0":3,"1":2},"f":{"0":3},"b":{},"_coverageSchema":"1a1c01bbd47fc00a2c39e90264f33305004495a9","hash":"9932bb5d36ee0d6dd3abd77125e51922c0f70eb6"}
,"C:\\Users\\Anand Suthar\\Documents\\code\\MERN\\Node\\jest-unit-testing\\stringPalindrome.js": {"path":"C:\\Users\\Anand Suthar\\Documents\\code\\MERN\\Node\\jest-unit-testing\\stringPalindrome.js","statementMap":{"0":{"start":{"line":1,"column":15},"end":{"line":1,"column":37}},"1":{"start":{"line":4,"column":2},"end":{"line":4,"column":57}},"2":{"start":{"line":8,"column":2},"end":{"line":8,"column":60}},"3":{"start":{"line":11,"column":0},"end":{"line":11,"column":33}}},"fnMap":{"0":{"name":"isStrPalindrome","decl":{"start":{"line":3,"column":9},"end":{"line":3,"column":24}},"loc":{"start":{"line":3,"column":30},"end":{"line":5,"column":1}},"line":3},"1":{"name":"notToBeAddedIntoCoverage","decl":{"start":{"line":7,"column":9},"end":{"line":7,"column":33}},"loc":{"start":{"line":7,"column":36},"end":{"line":9,"column":1}},"line":7}},"branchMap":{},"s":{"0":1,"1":2,"2":0,"3":1},"f":{"0":2,"1":0},"b":{},"_coverageSchema":"1a1c01bbd47fc00a2c39e90264f33305004495a9","hash":"7c953fe3346c2d8fb3fe618c7537dc5adb6f8fde"}
,"C:\\Users\\Anand Suthar\\Documents\\code\\MERN\\Node\\jest-unit-testing\\sum.js": {"path":"C:\\Users\\Anand Suthar\\Documents\\code\\MERN\\Node\\jest-unit-testing\\sum.js","statementMap":{"0":{"start":{"line":2,"column":2},"end":{"line":2,"column":15}},"1":{"start":{"line":5,"column":0},"end":{"line":5,"column":24}}},"fnMap":{"0":{"name":"twoSum","decl":{"start":{"line":1,"column":9},"end":{"line":1,"column":15}},"loc":{"start":{"line":1,"column":22},"end":{"line":3,"column":1}},"line":1}},"branchMap":{},"s":{"0":1,"1":1},"f":{"0":1},"b":{},"_coverageSchema":"1a1c01bbd47fc00a2c39e90264f33305004495a9","hash":"e21df4dc00459330e04f55ab48adf1682e3e8225"}
}
