TN:
SF:fileContent.js
FN:3,readFileContent
FNF:1
FNH:1
FNDA:4,readFileContent
DA:1,1
DA:4,4
DA:5,4
DA:6,3
DA:8,1
DA:12,1
DA:13,1
DA:15,1
LF:8
LH:8
BRF:0
BRH:0
end_of_record
TN:
SF:revStr.js
FN:1,revStr
FNF:1
FNH:1
FNDA:3,revStr
DA:2,3
DA:5,2
LF:2
LH:2
BRF:0
BRH:0
end_of_record
TN:
SF:stringPalindrome.js
FN:3,isStrPalindrome
FN:7,notToBeAddedIntoCoverage
FNF:2
FNH:1
FNDA:2,isStrPalindrome
FNDA:0,notToBeAddedIntoCoverage
DA:1,1
DA:4,2
DA:8,0
DA:11,1
LF:4
LH:3
BRF:0
BRH:0
end_of_record
TN:
SF:sum.js
FN:1,twoSum
FNF:1
FNH:1
FNDA:1,twoSum
DA:2,1
DA:5,1
LF:2
LH:2
BRF:0
BRH:0
end_of_record
